TN:
SF:src/auth.ts
FN:8,(anonymous_1)
FN:22,(anonymous_2)
FNF:2
FNH:2
FNDA:80,(anonymous_1)
FNDA:79,(anonymous_2)
DA:1,6
DA:8,6
DA:13,80
DA:14,80
DA:16,80
DA:17,1
DA:22,79
DA:23,79
DA:24,1
DA:28,78
DA:29,78
LF:11
LH:11
BRDA:14,0,0,80
BRDA:14,0,1,79
BRDA:16,1,0,1
BRDA:16,1,1,79
BRDA:23,2,0,1
BRDA:23,2,1,78
BRF:6
BRH:6
end_of_record
TN:
SF:src/db.ts
FNF:0
FNH:0
DA:1,6
DA:3,6
DA:7,6
LF:3
LH:3
BRF:0
BRH:0
end_of_record
TN:
SF:src/meili.ts
FNF:0
FNH:0
DA:1,1
DA:3,1
DA:8,1
LF:3
LH:3
BRF:0
BRH:0
end_of_record
TN:
SF:src/queue.ts
FNF:0
FNH:0
DA:1,1
DA:3,1
DA:12,1
LF:3
LH:3
BRDA:6,0,0,1
BRDA:6,0,1,1
BRDA:8,1,0,1
BRDA:8,1,1,1
BRF:4
BRH:4
end_of_record
TN:
SF:src/redis.ts
FN:7,(anonymous_0)
FNF:1
FNH:0
FNDA:0,(anonymous_0)
DA:1,1
DA:3,1
DA:7,1
DA:9,1
LF:4
LH:4
BRF:0
BRH:0
end_of_record
TN:
SF:src/routes/auth.ts
FN:10,(anonymous_1)
FN:47,(anonymous_2)
FN:61,(anonymous_3)
FN:85,(anonymous_4)
FNF:4
FNH:4
FNDA:4,(anonymous_1)
FNDA:3,(anonymous_2)
FNDA:2,(anonymous_3)
FNDA:1,(anonymous_4)
DA:1,1
DA:2,1
DA:5,1
DA:7,1
DA:10,1
DA:11,4
DA:12,4
DA:15,4
DA:16,2
DA:26,2
DA:29,2
DA:32,2
DA:40,2
DA:42,0
DA:47,1
DA:48,3
DA:49,3
DA:51,3
DA:52,1
DA:58,2
DA:62,2
DA:63,1
DA:68,1
DA:73,1
DA:77,0
DA:82,1
DA:86,1
DA:88,1
DA:95,1
DA:97,0
DA:102,1
LF:31
LH:28
BRDA:15,0,0,2
BRDA:15,0,1,2
BRDA:15,1,0,4
BRDA:15,1,1,3
BRDA:51,2,0,1
BRDA:51,2,1,2
BRDA:62,3,0,1
BRDA:62,3,1,1
BRF:8
BRH:8
end_of_record
TN:
SF:src/routes/bookmarks.ts
FN:12,(anonymous_1)
FN:46,(anonymous_2)
FN:67,(anonymous_3)
FN:104,(anonymous_4)
FN:143,(anonymous_5)
FN:179,(anonymous_6)
FN:207,(anonymous_7)
FN:241,(anonymous_8)
FN:270,(anonymous_9)
FN:293,(anonymous_10)
FN:303,(anonymous_11)
FNF:11
FNH:8
FNDA:3,(anonymous_1)
FNDA:5,(anonymous_2)
FNDA:2,(anonymous_3)
FNDA:3,(anonymous_4)
FNDA:2,(anonymous_5)
FNDA:2,(anonymous_6)
FNDA:3,(anonymous_7)
FNDA:2,(anonymous_8)
FNDA:0,(anonymous_9)
FNDA:0,(anonymous_10)
FNDA:0,(anonymous_11)
DA:1,1
DA:2,1
DA:3,1
DA:4,1
DA:6,1
DA:9,1
DA:13,3
DA:15,3
DA:16,1
DA:19,2
DA:20,2
DA:22,2
DA:29,1
DA:32,1
DA:34,1
DA:36,1
DA:37,1
DA:43,1
DA:47,5
DA:48,5
DA:50,5
DA:51,5
DA:52,5
DA:54,5
DA:55,1
DA:56,1
DA:57,1
DA:60,5
DA:61,1
DA:62,1
DA:63,1
DA:66,5
DA:67,2
DA:68,1
DA:71,1
DA:72,1
DA:75,5
DA:76,5
DA:77,0
DA:78,5
DA:79,0
DA:82,5
DA:85,5
DA:90,5
DA:91,5
DA:92,4
DA:94,1
DA:95,1
DA:101,1
DA:105,3
DA:106,3
DA:107,1
DA:110,2
DA:112,2
DA:117,2
DA:118,1
DA:121,1
DA:124,1
DA:129,1
DA:131,1
DA:133,0
DA:134,0
DA:140,1
DA:144,2
DA:145,2
DA:146,0
DA:149,2
DA:151,2
DA:152,2
DA:163,2
DA:164,1
DA:167,1
DA:169,0
DA:170,0
DA:176,1
DA:180,2
DA:181,2
DA:182,0
DA:185,2
DA:186,2
DA:191,2
DA:192,1
DA:195,1
DA:197,0
DA:198,0
DA:204,1
DA:208,3
DA:210,3
DA:211,0
DA:214,3
DA:216,3
DA:217,3
DA:218,1
DA:219,0
DA:224,1
DA:229,1
DA:230,2
DA:231,1
DA:232,0
DA:236,1
DA:241,2
DA:244,1
DA:245,2
DA:246,4
DA:247,4
DA:248,4
DA:256,1
DA:257,1
DA:258,0
DA:259,0
DA:265,0
DA:270,0
DA:273,0
DA:278,0
DA:280,1
DA:283,0
DA:284,0
DA:290,1
DA:295,0
DA:300,1
DA:305,0
DA:309,1
LF:122
LH:99
BRDA:15,0,0,1
BRDA:15,0,1,2
BRDA:26,1,0,2
BRDA:26,1,1,1
BRDA:26,2,0,2
BRDA:26,2,1,1
BRDA:47,3,0,5
BRDA:47,4,0,5
BRDA:54,5,0,1
BRDA:54,5,1,4
BRDA:60,6,0,1
BRDA:60,6,1,4
BRDA:66,7,0,1
BRDA:66,7,1,4
BRDA:76,8,0,0
BRDA:76,8,1,5
BRDA:78,9,0,0
BRDA:78,9,1,5
BRDA:86,10,0,5
BRDA:86,10,1,0
BRDA:87,11,0,5
BRDA:87,11,1,5
BRDA:106,12,0,1
BRDA:106,12,1,2
BRDA:117,13,0,1
BRDA:117,13,1,1
BRDA:145,14,0,0
BRDA:145,14,1,2
BRDA:163,15,0,1
BRDA:163,15,1,1
BRDA:181,16,0,0
BRDA:181,16,1,2
BRDA:191,17,0,1
BRDA:191,17,1,1
BRDA:210,18,0,0
BRDA:210,18,1,3
BRDA:210,19,0,3
BRDA:210,19,1,3
BRDA:210,19,2,3
BRDA:217,20,0,1
BRDA:217,20,1,2
BRDA:218,21,0,0
BRDA:218,21,1,1
BRDA:230,22,0,1
BRDA:230,22,1,1
BRDA:231,23,0,0
BRDA:231,23,1,1
BRDA:231,24,0,1
BRDA:231,24,1,1
BRDA:247,25,0,4
BRDA:247,25,1,0
BRDA:257,26,0,0
BRDA:257,26,1,1
BRDA:258,27,0,0
BRDA:258,27,1,0
BRDA:258,28,0,0
BRDA:258,28,1,0
BRF:57
BRH:43
end_of_record
TN:
SF:src/routes/collections.ts
FN:11,(anonymous_1)
FN:37,(anonymous_2)
FN:71,(anonymous_3)
FN:109,(anonymous_4)
FN:200,(anonymous_5)
FN:233,(anonymous_6)
FN:310,(anonymous_7)
FNF:7
FNH:7
FNDA:2,(anonymous_1)
FNDA:3,(anonymous_2)
FNDA:3,(anonymous_3)
FNDA:3,(anonymous_4)
FNDA:2,(anonymous_5)
FNDA:3,(anonymous_6)
FNDA:1,(anonymous_7)
DA:1,1
DA:2,1
DA:3,1
DA:5,1
DA:8,1
DA:12,2
DA:13,2
DA:15,2
DA:24,2
DA:25,1
DA:27,1
DA:28,1
DA:34,1
DA:38,3
DA:40,3
DA:41,2
DA:46,1
DA:47,1
DA:49,1
DA:56,1
DA:57,1
DA:59,1
DA:61,0
DA:62,0
DA:68,1
DA:72,3
DA:73,3
DA:74,1
DA:77,2
DA:78,2
DA:81,2
DA:89,2
DA:91,2
DA:92,1
DA:97,1
DA:99,0
DA:100,0
DA:106,1
DA:110,3
DA:111,3
DA:112,0
DA:115,3
DA:117,3
DA:121,1
DA:126,2
DA:127,2
DA:130,2
DA:138,2
DA:143,2
DA:144,0
DA:149,2
DA:150,2
DA:151,1
DA:155,1
DA:156,1
DA:157,1
DA:159,1
DA:160,1
DA:161,1
DA:162,1
DA:165,1
DA:166,1
DA:167,1
DA:168,1
DA:171,1
DA:172,0
DA:175,1
DA:177,1
DA:184,1
DA:185,1
DA:186,1
DA:188,1
DA:190,0
DA:191,0
DA:197,1
DA:201,2
DA:202,2
DA:203,0
DA:206,2
DA:207,2
DA:210,2
DA:215,2
DA:216,1
DA:221,1
DA:223,0
DA:224,0
DA:230,1
DA:234,3
DA:235,3
DA:236,0
DA:239,3
DA:241,3
DA:242,1
DA:247,2
DA:248,0
DA:251,2
DA:252,2
DA:255,2
DA:260,2
DA:261,0
DA:268,2
DA:269,0
DA:273,0
DA:275,2
DA:279,2
DA:282,2
DA:283,1
DA:286,1
DA:287,0
DA:291,1
DA:298,1
DA:300,0
DA:301,0
DA:307,1
DA:311,1
DA:312,1
DA:313,0
DA:316,1
DA:317,1
DA:320,1
DA:325,1
DA:326,0
DA:330,1
DA:343,1
DA:344,1
DA:346,0
DA:347,0
DA:352,1
LF:128
LH:104
BRDA:40,0,0,2
BRDA:40,0,1,1
BRDA:40,1,0,3
BRDA:40,1,1,1
BRDA:40,1,2,1
BRDA:53,2,0,1
BRDA:53,2,1,0
BRDA:73,3,0,1
BRDA:73,3,1,2
BRDA:91,4,0,1
BRDA:91,4,1,1
BRDA:111,5,0,0
BRDA:111,5,1,3
BRDA:117,6,0,1
BRDA:117,6,1,2
BRDA:118,7,0,3
BRDA:118,7,1,3
BRDA:118,7,2,3
BRDA:143,8,0,0
BRDA:143,8,1,2
BRDA:150,9,0,1
BRDA:150,9,1,1
BRDA:150,10,0,2
BRDA:150,10,1,1
BRDA:159,11,0,1
BRDA:159,11,1,0
BRDA:165,12,0,1
BRDA:165,12,1,0
BRDA:171,13,0,0
BRDA:171,13,1,1
BRDA:202,14,0,0
BRDA:202,14,1,2
BRDA:215,15,0,1
BRDA:215,15,1,1
BRDA:235,16,0,0
BRDA:235,16,1,3
BRDA:241,17,0,1
BRDA:241,17,1,2
BRDA:241,18,0,3
BRDA:241,18,1,3
BRDA:247,19,0,0
BRDA:247,19,1,2
BRDA:247,20,0,2
BRDA:247,20,1,0
BRDA:260,21,0,0
BRDA:260,21,1,2
BRDA:268,22,0,0
BRDA:268,22,1,2
BRDA:282,23,0,1
BRDA:282,23,1,1
BRDA:286,24,0,0
BRDA:286,24,1,1
BRDA:312,25,0,0
BRDA:312,25,1,1
BRDA:325,26,0,0
BRDA:325,26,1,1
BRF:56
BRH:41
end_of_record
TN:
SF:src/routes/highlights.ts
FN:11,(anonymous_1)
FN:46,(anonymous_2)
FN:99,(anonymous_3)
FN:141,(anonymous_4)
FNF:4
FNH:4
FNDA:3,(anonymous_1)
FNDA:5,(anonymous_2)
FNDA:4,(anonymous_3)
FNDA:3,(anonymous_4)
DA:1,1
DA:2,1
DA:3,1
DA:5,1
DA:8,1
DA:12,3
DA:13,3
DA:14,1
DA:17,2
DA:19,2
DA:24,2
DA:25,1
DA:29,1
DA:34,1
DA:36,0
DA:37,0
DA:43,1
DA:48,5
DA:50,5
DA:51,2
DA:56,3
DA:57,3
DA:58,1
DA:61,2
DA:63,2
DA:68,2
DA:69,1
DA:73,1
DA:87,1
DA:89,0
DA:90,0
DA:96,1
DA:100,4
DA:101,4
DA:102,1
DA:105,3
DA:107,3
DA:108,1
DA:115,2
DA:116,2
DA:125,2
DA:126,1
DA:129,1
DA:131,0
DA:132,0
DA:138,1
DA:142,3
DA:143,3
DA:144,1
DA:147,2
DA:148,2
DA:153,2
DA:154,1
DA:157,1
DA:159,0
DA:160,0
DA:165,1
LF:57
LH:49
BRDA:13,0,0,1
BRDA:13,0,1,2
BRDA:24,1,0,1
BRDA:24,1,1,1
BRDA:50,2,0,2
BRDA:50,2,1,3
BRDA:50,3,0,5
BRDA:50,3,1,4
BRDA:57,4,0,1
BRDA:57,4,1,2
BRDA:68,5,0,1
BRDA:68,5,1,1
BRDA:81,6,0,1
BRDA:81,6,1,0
BRDA:82,7,0,1
BRDA:82,7,1,0
BRDA:83,8,0,1
BRDA:83,8,1,0
BRDA:101,9,0,1
BRDA:101,9,1,3
BRDA:107,10,0,1
BRDA:107,10,1,2
BRDA:107,11,0,3
BRDA:107,11,1,1
BRDA:125,12,0,1
BRDA:125,12,1,1
BRDA:143,13,0,1
BRDA:143,13,1,2
BRDA:153,14,0,1
BRDA:153,14,1,1
BRF:30
BRH:27
end_of_record
TN:
SF:src/routes/search.ts
FN:51,(anonymous_1)
FN:59,(anonymous_2)
FN:76,(anonymous_3)
FN:117,(anonymous_4)
FN:130,(anonymous_5)
FN:144,(anonymous_6)
FNF:6
FNH:6
FNDA:9,(anonymous_1)
FNDA:2,(anonymous_2)
FNDA:2,(anonymous_3)
FNDA:7,(anonymous_4)
FNDA:7,(anonymous_5)
FNDA:7,(anonymous_6)
DA:1,1
DA:2,1
DA:3,1
DA:4,1
DA:45,1
DA:48,1
DA:52,9
DA:53,9
DA:54,9
DA:57,9
DA:58,9
DA:59,9
DA:60,9
DA:61,9
DA:62,9
DA:63,9
DA:64,9
DA:65,9
DA:67,9
DA:68,1
DA:72,8
DA:74,8
DA:76,2
DA:77,1
DA:80,8
DA:81,1
DA:84,8
DA:85,1
DA:88,8
DA:89,0
DA:92,8
DA:93,0
DA:96,8
DA:99,8
DA:100,8
DA:106,8
DA:108,1
DA:111,7
DA:114,8
DA:117,7
DA:119,7
DA:120,1
DA:130,7
DA:131,6
DA:142,6
DA:144,7
DA:150,6
DA:151,6
DA:153,6
DA:161,6
DA:163,1
DA:164,1
DA:169,1
LF:53
LH:51
BRDA:57,0,0,9
BRDA:57,0,1,0
BRDA:59,1,0,1
BRDA:59,1,1,8
BRDA:64,2,0,9
BRDA:64,2,1,7
BRDA:65,3,0,9
BRDA:65,3,1,7
BRDA:67,4,0,1
BRDA:67,4,1,8
BRDA:67,5,0,9
BRDA:67,5,1,8
BRDA:74,6,0,1
BRDA:74,6,1,7
BRDA:80,7,0,1
BRDA:80,7,1,7
BRDA:84,8,0,1
BRDA:84,8,1,7
BRDA:88,9,0,0
BRDA:88,9,1,8
BRDA:92,10,0,0
BRDA:92,10,1,8
BRDA:106,11,0,1
BRDA:106,11,1,7
BRDA:119,12,0,1
BRDA:119,12,1,6
BRDA:146,13,0,7
BRDA:146,13,1,0
BRDA:150,14,0,6
BRDA:150,14,1,0
BRF:30
BRH:25
end_of_record
TN:
SF:src/routes/tags.ts
FN:11,(anonymous_1)
FN:37,(anonymous_2)
FN:72,(anonymous_3)
FN:117,(anonymous_4)
FN:147,(anonymous_5)
FN:178,(anonymous_6)
FN:183,(anonymous_7)
FNF:7
FNH:7
FNDA:2,(anonymous_1)
FNDA:4,(anonymous_2)
FNDA:5,(anonymous_3)
FNDA:3,(anonymous_4)
FNDA:4,(anonymous_5)
FNDA:2,(anonymous_6)
FNDA:2,(anonymous_7)
DA:1,1
DA:2,1
DA:3,1
DA:5,1
DA:8,1
DA:12,2
DA:14,2
DA:15,2
DA:25,1
DA:27,1
DA:28,1
DA:34,1
DA:38,4
DA:40,4
DA:41,2
DA:44,2
DA:45,2
DA:46,2
DA:48,2
DA:49,2
DA:56,1
DA:58,1
DA:60,1
DA:62,0
DA:63,0
DA:69,1
DA:73,5
DA:74,5
DA:75,1
DA:78,4
DA:80,4
DA:81,1
DA:84,3
DA:85,3
DA:86,3
DA:88,3
DA:89,3
DA:97,2
DA:98,1
DA:101,1
DA:103,1
DA:105,1
DA:107,0
DA:108,0
DA:114,1
DA:118,3
DA:119,3
DA:120,1
DA:123,2
DA:125,2
DA:126,2
DA:131,2
DA:132,1
DA:135,1
DA:137,0
DA:138,0
DA:144,1
DA:148,4
DA:150,4
DA:151,2
DA:159,2
DA:161,2
DA:163,2
DA:168,2
DA:169,1
DA:173,1
DA:178,2
DA:181,1
DA:182,1
DA:183,2
DA:185,1
DA:191,1
DA:196,1
DA:198,1
DA:200,0
DA:201,0
DA:206,1
LF:77
LH:69
BRDA:40,0,0,2
BRDA:40,0,1,2
BRDA:40,1,0,4
BRDA:40,1,1,2
BRDA:40,1,2,2
BRDA:58,2,0,1
BRDA:58,2,1,0
BRDA:74,3,0,1
BRDA:74,3,1,4
BRDA:80,4,0,1
BRDA:80,4,1,3
BRDA:80,5,0,4
BRDA:80,5,1,3
BRDA:80,5,2,3
BRDA:97,6,0,1
BRDA:97,6,1,1
BRDA:103,7,0,1
BRDA:103,7,1,0
BRDA:119,8,0,1
BRDA:119,8,1,2
BRDA:131,9,0,1
BRDA:131,9,1,1
BRDA:150,10,0,2
BRDA:150,10,1,2
BRDA:150,11,0,4
BRDA:150,11,1,3
BRDA:150,11,2,3
BRDA:168,12,0,1
BRDA:168,12,1,1
BRDA:181,13,0,1
BRDA:181,13,1,0
BRF:31
BRH:28
end_of_record
