TN:
SF:src/api/client.ts
FNF:0
FNH:0
DA:1,2
DA:3,2
DA:11,2
LF:3
LH:3
BRF:0
BRH:0
end_of_record
TN:
SF:src/components/BookmarksPage.tsx
FN:8,(anonymous_10)
FN:25,(anonymous_11)
FN:29,(anonymous_12)
FN:31,(anonymous_13)
FN:43,(anonymous_14)
FN:46,(anonymous_15)
FN:52,(anonymous_16)
FN:58,(anonymous_17)
FN:80,(anonymous_18)
FN:93,(anonymous_19)
FN:103,(anonymous_20)
FN:113,(anonymous_21)
FN:123,(anonymous_22)
FNF:13
FNH:9
FNDA:22,(anonymous_10)
FNDA:17,(anonymous_11)
FNDA:17,(anonymous_12)
FNDA:0,(anonymous_13)
FNDA:17,(anonymous_14)
FNDA:3,(anonymous_15)
FNDA:1,(anonymous_16)
FNDA:20,(anonymous_17)
FNDA:2,(anonymous_18)
FNDA:0,(anonymous_19)
FNDA:1,(anonymous_20)
FNDA:0,(anonymous_21)
FNDA:0,(anonymous_22)
DA:1,1
DA:2,1
DA:3,1
DA:4,1
DA:5,1
DA:6,1
DA:8,1
DA:20,22
DA:22,22
DA:23,22
DA:25,22
DA:26,17
DA:29,22
DA:30,17
DA:32,0
DA:33,0
DA:39,17
DA:40,17
DA:43,17
DA:46,22
DA:47,3
DA:48,3
DA:49,3
DA:52,22
DA:55,1
DA:58,22
DA:59,20
DA:61,17
DA:63,1
DA:65,1
DA:67,1
DA:69,0
DA:73,22
DA:80,2
DA:93,0
DA:103,1
DA:113,0
DA:123,0
DA:142,1
LF:39
LH:33
BRDA:32,0,0,0
BRDA:32,1,0,0
BRDA:32,1,1,0
BRDA:32,1,2,0
BRDA:39,2,0,17
BRDA:59,3,0,17
BRDA:59,3,1,1
BRDA:59,3,2,1
BRDA:59,3,3,1
BRDA:59,3,4,0
BRDA:95,4,0,19
BRDA:95,4,1,3
BRDA:105,5,0,1
BRDA:105,5,1,21
BRDA:115,6,0,1
BRDA:115,6,1,21
BRDA:125,7,0,1
BRDA:125,7,1,21
BRDA:134,8,0,22
BRDA:134,8,1,2
BRDA:135,9,0,22
BRDA:135,9,1,20
BRDA:136,10,0,22
BRDA:136,10,1,1
BRF:24
BRH:19
end_of_record
TN:
SF:src/components/GridView.tsx
FN:8,(anonymous_1)
FN:11,(anonymous_2)
FNF:2
FNH:2
FNDA:27,(anonymous_1)
FNDA:56,(anonymous_2)
DA:1,2
DA:8,2
DA:9,27
DA:12,56
DA:39,2
LF:5
LH:5
BRDA:23,0,0,56
BRDA:23,0,1,3
BRF:2
BRH:2
end_of_record
TN:
SF:src/components/Header.tsx
FN:3,(anonymous_1)
FNF:1
FNH:1
FNDA:5,(anonymous_1)
DA:1,1
DA:3,1
DA:4,5
DA:11,1
LF:4
LH:4
BRF:0
BRH:0
end_of_record
TN:
SF:src/components/HeadlinesView.tsx
FN:8,(anonymous_1)
FN:11,(anonymous_2)
FNF:2
FNH:2
FNDA:7,(anonymous_1)
FNDA:13,(anonymous_2)
DA:1,2
DA:8,2
DA:9,7
DA:12,13
DA:34,2
LF:5
LH:5
BRDA:18,0,0,13
BRDA:18,0,1,1
BRF:2
BRH:2
end_of_record
TN:
SF:src/components/ListView.tsx
FN:8,(anonymous_1)
FN:11,(anonymous_2)
FN:31,(anonymous_3)
FNF:3
FNH:3
FNDA:9,(anonymous_1)
FNDA:16,(anonymous_2)
FNDA:30,(anonymous_3)
DA:1,2
DA:8,2
DA:9,9
DA:12,16
DA:32,30
DA:51,2
LF:6
LH:6
BRDA:19,0,0,16
BRDA:19,0,1,1
BRDA:29,1,0,16
BRDA:29,1,1,15
BRDA:29,1,2,15
BRF:5
BRH:5
end_of_record
TN:
SF:src/components/Main.tsx
FN:3,(anonymous_1)
FNF:1
FNH:1
FNDA:8,(anonymous_1)
DA:1,1
DA:3,1
DA:4,8
DA:17,1
LF:4
LH:4
BRF:0
BRH:0
end_of_record
TN:
SF:src/components/MasonryView.tsx
FN:8,(anonymous_1)
FN:11,(anonymous_2)
FNF:2
FNH:2
FNDA:8,(anonymous_1)
FNDA:13,(anonymous_2)
DA:1,2
DA:8,2
DA:9,8
DA:12,13
DA:37,2
LF:5
LH:5
BRDA:21,0,0,13
BRDA:21,0,1,1
BRF:2
BRH:2
end_of_record
TN:
SF:src/components/Sidebar.tsx
FN:3,(anonymous_1)
FNF:1
FNH:1
FNDA:9,(anonymous_1)
DA:1,1
DA:3,1
DA:4,9
DA:24,1
LF:4
LH:4
BRF:0
BRH:0
end_of_record
TN:
SF:src/stores/bookmarks.ts
FN:21,(anonymous_1)
FN:30,(anonymous_2)
FN:53,(anonymous_3)
FN:54,(anonymous_4)
FN:55,(anonymous_5)
FN:56,(anonymous_6)
FN:57,(anonymous_7)
FN:58,(anonymous_8)
FN:58,(anonymous_9)
FNF:9
FNH:9
FNDA:2,(anonymous_1)
FNDA:8,(anonymous_2)
FNDA:1,(anonymous_3)
FNDA:1,(anonymous_4)
FNDA:1,(anonymous_5)
FNDA:1,(anonymous_6)
FNDA:1,(anonymous_7)
FNDA:1,(anonymous_8)
FNDA:2,(anonymous_9)
DA:1,2
DA:2,2
DA:21,2
DA:31,8
DA:32,8
DA:33,8
DA:39,6
DA:50,2
DA:53,1
DA:54,1
DA:56,1
DA:58,2
LF:12
LH:12
BRDA:30,0,0,5
BRDA:30,1,0,5
BRDA:41,2,0,4
BRDA:41,2,1,2
BRF:4
BRH:4
end_of_record
TN:
SF:src/stores/collections.ts
FN:15,(anonymous_0)
FN:17,(anonymous_1)
FN:18,(anonymous_2)
FN:19,(anonymous_3)
FN:20,(anonymous_4)
FN:21,(anonymous_5)
FNF:6
FNH:6
FNDA:1,(anonymous_0)
FNDA:5,(anonymous_1)
FNDA:5,(anonymous_2)
FNDA:4,(anonymous_3)
FNDA:4,(anonymous_4)
FNDA:7,(anonymous_5)
DA:1,1
DA:15,1
DA:18,5
DA:20,4
DA:21,7
LF:5
LH:5
BRF:0
BRH:0
end_of_record
TN:
SF:src/stores/user.ts
FN:16,(anonymous_0)
FN:18,(anonymous_1)
FN:19,(anonymous_2)
FNF:3
FNH:3
FNDA:1,(anonymous_0)
FNDA:5,(anonymous_1)
FNDA:2,(anonymous_2)
DA:1,1
DA:16,1
DA:18,5
DA:19,2
LF:4
LH:4
BRF:0
BRH:0
end_of_record
