TN:
SF:background.js
FN:5,(anonymous_0)
FN:20,checkAuth
FN:25,login
FN:36,getCollections
FN:54,saveBookmark
FN:81,saveHighlight
FN:124,getStoredToken
FN:129,storeToken
FNF:8
FNH:8
FNDA:27,(anonymous_0)
FNDA:7,checkAuth
FNDA:2,login
FNDA:5,getCollections
FNDA:8,saveBookmark
FNDA:4,saveHighlight
FNDA:24,getStoredToken
FNDA:1,storeToken
DA:3,30
DA:5,30
DA:6,27
DA:7,7
DA:8,20
DA:9,2
DA:10,18
DA:11,5
DA:12,13
DA:13,8
DA:14,5
DA:15,4
DA:17,27
DA:21,7
DA:22,5
DA:26,2
DA:27,2
DA:28,1
DA:29,1
DA:31,1
DA:32,1
DA:37,5
DA:38,5
DA:39,5
DA:40,1
DA:41,1
DA:43,4
DA:46,2
DA:47,1
DA:48,1
DA:50,2
DA:55,8
DA:56,8
DA:57,8
DA:58,3
DA:59,3
DA:61,5
DA:73,2
DA:74,1
DA:75,1
DA:77,4
DA:82,4
DA:83,4
DA:84,4
DA:85,1
DA:86,1
DA:89,3
DA:101,3
DA:102,3
DA:105,3
DA:116,3
DA:117,3
DA:118,3
DA:120,0
DA:125,24
DA:126,22
DA:130,1
LF:57
LH:56
BRDA:6,0,0,7
BRDA:6,0,1,20
BRDA:8,1,0,2
BRDA:8,1,1,18
BRDA:10,2,0,5
BRDA:10,2,1,13
BRDA:12,3,0,8
BRDA:12,3,1,5
BRDA:14,4,0,4
BRDA:14,4,1,1
BRDA:39,5,0,1
BRDA:39,5,1,4
BRDA:46,6,0,1
BRDA:46,6,1,1
BRDA:57,7,0,3
BRDA:57,7,1,5
BRDA:73,8,0,1
BRDA:73,8,1,1
BRDA:84,9,0,1
BRDA:84,9,1,3
BRDA:101,10,0,0
BRDA:101,10,1,3
BRDA:116,11,0,0
BRDA:116,11,1,3
BRF:24
BRH:22
end_of_record
TN:
SF:content.js
FN:3,(anonymous_0)
FN:13,(anonymous_1)
FN:34,(anonymous_2)
FNF:3
FNH:3
FNDA:4,(anonymous_0)
FNDA:14,(anonymous_1)
FNDA:5,(anonymous_2)
DA:3,2
DA:4,4
DA:5,4
DA:6,3
DA:8,3
DA:13,2
DA:14,14
DA:15,14
DA:16,12
DA:17,11
DA:19,11
DA:20,11
DA:21,10
DA:22,10
DA:23,9
DA:24,9
DA:25,9
DA:26,9
DA:27,9
DA:28,9
DA:30,10
DA:31,10
DA:32,10
DA:34,10
DA:35,5
DA:37,5
DA:46,5
DA:48,4
DA:49,4
DA:50,4
DA:51,4
DA:52,4
DA:54,1
DA:58,2
DA:59,2
LF:35
LH:35
BRDA:4,0,0,4
BRDA:4,0,1,0
BRDA:15,1,0,12
BRDA:15,1,1,2
BRDA:15,2,0,14
BRDA:15,2,1,13
BRDA:20,3,0,10
BRDA:20,3,1,1
BRDA:46,4,0,4
BRDA:46,4,1,1
BRDA:59,5,0,2
BRDA:59,5,1,0
BRF:12
BRH:10
end_of_record
TN:
SF:popup.js
FN:3,(anonymous_0)
FN:21,(anonymous_1)
FN:40,(anonymous_2)
FN:67,(anonymous_3)
FN:76,loadCollections
FN:83,(anonymous_5)
FN:92,checkAuth
FNF:7
FNH:7
FNDA:28,(anonymous_0)
FNDA:3,(anonymous_1)
FNDA:4,(anonymous_2)
FNDA:3,(anonymous_3)
FNDA:16,loadCollections
FNDA:32,(anonymous_5)
FNDA:18,checkAuth
DA:3,2
DA:4,28
DA:5,28
DA:6,28
DA:7,28
DA:8,28
DA:9,28
DA:12,28
DA:13,28
DA:16,16
DA:19,16
DA:21,16
DA:22,3
DA:28,3
DA:32,3
DA:33,2
DA:34,2
DA:36,1
DA:40,16
DA:42,4
DA:45,4
DA:46,3
DA:52,3
DA:56,3
DA:57,2
DA:58,2
DA:60,1
DA:63,1
DA:67,16
DA:68,3
DA:69,3
DA:70,2
DA:72,1
DA:77,16
DA:80,16
DA:81,16
DA:83,16
DA:84,32
DA:85,32
DA:86,32
DA:87,32
DA:93,18
DA:94,18
DA:95,18
DA:96,18
DA:97,18
DA:99,0
DA:100,0
DA:101,0
LF:49
LH:46
BRDA:26,0,0,3
BRDA:26,0,1,2
BRDA:32,1,0,2
BRDA:32,1,1,1
BRDA:45,2,0,3
BRDA:45,2,1,1
BRDA:50,3,0,3
BRDA:50,3,1,2
BRDA:56,4,0,2
BRDA:56,4,1,1
BRDA:69,5,0,2
BRDA:69,5,1,1
BRDA:80,6,0,16
BRDA:80,6,1,0
BRDA:94,7,0,18
BRDA:94,7,1,0
BRF:16
BRH:14
end_of_record
